<?xml version="1.0" encoding="UTF-8"?>
<testsuite name="triangle.TriangleTest" tests="1" skipped="0" failures="0" errors="0" timestamp="2023-11-13T15:15:53" hostname="RICNORRIS" time="0.024">
  <properties/>
  <testcase name="SetSideLengthsTest()" classname="triangle.TriangleTest" time="0.024"/>
  <system-out><![CDATA[]]></system-out>
  <system-err><![CDATA[]]></system-err>
</testsuite>
